
2023/08/13 (00:40:52) | ===> btop++ v.1.2.13
2023/08/13 (00:40:52) | INFO: Logger set to DEBUG
2023/08/13 (00:40:52) | DEBUG: Using locale en_US.UTF-8
2023/08/13 (00:40:52) | INFO: Running on /dev/pts/1

2023/08/13 (01:00:36) | ===> btop++ v.1.2.13
2023/08/13 (01:00:36) | INFO: Logger set to DEBUG
2023/08/13 (01:00:36) | DEBUG: Using locale en_US.UTF-8
2023/08/13 (01:00:36) | INFO: Running on /dev/pts/1

2023/08/13 (01:24:45) | ===> btop++ v.1.2.13
2023/08/13 (01:24:45) | INFO: Logger set to DEBUG
2023/08/13 (01:24:45) | DEBUG: Using locale en_US.UTF-8
2023/08/13 (01:24:45) | INFO: Running on /dev/pts/2
2023/08/13 (01:24:48) | INFO: Quitting! Runtime: 00:00:03

2023/08/13 (02:44:57) | ===> btop++ v.1.2.13
2023/08/13 (02:44:57) | INFO: Logger set to DEBUG
2023/08/13 (02:44:57) | DEBUG: Using locale en_US.UTF-8
2023/08/13 (02:44:57) | INFO: Running on /dev/pts/1

2023/08/13 (02:58:44) | ===> btop++ v.1.2.13
2023/08/13 (02:58:44) | INFO: Logger set to DEBUG
2023/08/13 (02:58:44) | DEBUG: Using locale en_US.UTF-8
2023/08/13 (02:58:44) | INFO: Running on /dev/pts/1

2023/08/13 (03:09:04) | ===> btop++ v.1.2.13
2023/08/13 (03:09:04) | INFO: Logger set to DEBUG
2023/08/13 (03:09:04) | DEBUG: Using locale en_US.UTF-8
2023/08/13 (03:09:04) | INFO: Running on /dev/pts/2

2023/08/13 (08:10:07) | ===> btop++ v.1.2.13
2023/08/13 (08:10:07) | INFO: Logger set to DEBUG
2023/08/13 (08:10:07) | DEBUG: Using locale en_US.UTF-8
2023/08/13 (08:10:07) | INFO: Running on /dev/pts/0

2023/08/13 (08:19:16) | ===> btop++ v.1.2.13
2023/08/13 (08:19:16) | INFO: Logger set to DEBUG
2023/08/13 (08:19:16) | DEBUG: Using locale en_US.UTF-8
2023/08/13 (08:19:16) | INFO: Running on /dev/pts/1

2023/08/13 (09:22:30) | ===> btop++ v.1.2.13
2023/08/13 (09:22:30) | INFO: Logger set to DEBUG
2023/08/13 (09:22:30) | DEBUG: Using locale en_US.UTF-8
2023/08/13 (09:22:30) | INFO: Running on /dev/pts/0

2023/08/13 (09:22:46) | ===> btop++ v.1.2.13
2023/08/13 (09:22:46) | INFO: Logger set to DEBUG
2023/08/13 (09:22:46) | DEBUG: Using locale en_US.UTF-8
2023/08/13 (09:22:46) | INFO: Running on /dev/pts/0
2023/08/13 (09:22:49) | DEBUG: Loading theme file: /usr/share/btop/themes/adapta.theme
2023/08/13 (09:22:49) | DEBUG: Loading theme file: /usr/share/btop/themes/nord.theme
2023/08/13 (09:22:50) | DEBUG: Loading theme file: /usr/share/btop/themes/paper.theme
2023/08/13 (09:22:51) | DEBUG: Loading theme file: /usr/share/btop/themes/flat-remix-light.theme
2023/08/13 (09:22:52) | DEBUG: Loading theme file: /usr/share/btop/themes/night-owl.theme
2023/08/13 (09:22:53) | DEBUG: Loading theme file: /usr/share/btop/themes/matcha-dark-sea.theme
2023/08/13 (09:22:53) | DEBUG: Loading theme file: /usr/share/btop/themes/ayu.theme
2023/08/13 (09:22:54) | DEBUG: Loading theme file: /usr/share/btop/themes/dusklight.theme
2023/08/13 (09:22:54) | DEBUG: Loading theme file: /usr/share/btop/themes/gruvbox_dark.theme
2023/08/13 (09:22:55) | DEBUG: Loading theme file: /usr/share/btop/themes/greyscale.theme
2023/08/13 (09:22:55) | DEBUG: Loading theme file: /usr/share/btop/themes/gruvbox_dark.theme
2023/08/13 (09:22:56) | DEBUG: Loading theme file: /usr/share/btop/themes/greyscale.theme
2023/08/13 (09:22:56) | DEBUG: Loading theme file: /usr/share/btop/themes/kyli0x.theme
2023/08/13 (09:22:57) | DEBUG: Loading theme file: /usr/share/btop/themes/HotPurpleTrafficLight.theme
2023/08/13 (09:22:57) | DEBUG: Loading theme file: /usr/share/btop/themes/elementarish.theme
2023/08/13 (09:22:58) | DEBUG: Loading theme file: /usr/share/btop/themes/everforest-dark-hard.theme
2023/08/13 (09:22:58) | DEBUG: Loading theme file: /usr/share/btop/themes/gruvbox_dark_v2.theme

2023/08/13 (09:23:03) | ===> btop++ v.1.2.13
2023/08/13 (09:23:03) | INFO: Logger set to DEBUG
2023/08/13 (09:23:03) | DEBUG: Using locale en_US.UTF-8
2023/08/13 (09:23:03) | INFO: Running on /dev/pts/0

2023/08/13 (11:29:43) | ===> btop++ v.1.2.13
2023/08/13 (11:29:43) | INFO: Logger set to DEBUG
2023/08/13 (11:29:43) | DEBUG: Using locale en_US.UTF-8
2023/08/13 (11:29:43) | INFO: Running on /dev/pts/1

2023/08/13 (12:12:08) | ===> btop++ v.1.2.13
2023/08/13 (12:12:08) | INFO: Logger set to DEBUG
2023/08/13 (12:12:08) | DEBUG: Using locale en_US.UTF-8
2023/08/13 (12:12:08) | INFO: Running on /dev/pts/2

2023/08/13 (12:17:36) | ===> btop++ v.1.2.13
2023/08/13 (12:17:36) | INFO: Logger set to DEBUG
2023/08/13 (12:17:36) | DEBUG: Using locale en_US.UTF-8
2023/08/13 (12:17:36) | INFO: Running on /dev/pts/3

2023/08/13 (13:10:24) | ===> btop++ v.1.2.13
2023/08/13 (13:10:24) | INFO: Logger set to DEBUG
2023/08/13 (13:10:24) | DEBUG: Using locale en_US.UTF-8
2023/08/13 (13:10:24) | INFO: Running on /dev/pts/3

2023/08/13 (15:40:19) | ===> btop++ v.1.2.13
2023/08/13 (15:40:19) | INFO: Logger set to DEBUG
2023/08/13 (15:40:19) | DEBUG: Using locale en_US.UTF-8
2023/08/13 (15:40:19) | INFO: Running on /dev/pts/1

2023/08/14 (07:19:22) | ===> btop++ v.1.2.13
2023/08/14 (07:19:22) | INFO: Logger set to DEBUG
2023/08/14 (07:19:22) | DEBUG: Using locale en_US.UTF-8
2023/08/14 (07:19:22) | INFO: Running on /dev/pts/1

2023/08/15 (07:47:55) | ===> btop++ v.1.2.13
2023/08/15 (07:47:55) | INFO: Logger set to DEBUG
2023/08/15 (07:47:55) | DEBUG: Using locale en_US.UTF-8
2023/08/15 (07:47:55) | INFO: Running on /dev/pts/2

2023/08/31 (12:59:35) | ===> btop++ v.1.2.13
2023/08/31 (12:59:35) | INFO: Logger set to DEBUG
2023/08/31 (12:59:35) | DEBUG: Using locale en_US.UTF-8
2023/08/31 (12:59:35) | INFO: Running on /dev/pts/2

2023/08/31 (13:40:50) | ===> btop++ v.1.2.13
2023/08/31 (13:40:50) | INFO: Logger set to DEBUG
2023/08/31 (13:40:50) | DEBUG: Using locale en_US.UTF-8
2023/08/31 (13:40:50) | INFO: Running on /dev/pts/3

2023/09/01 (23:46:33) | ===> btop++ v.1.2.13
2023/09/01 (23:46:33) | INFO: Logger set to DEBUG
2023/09/01 (23:46:33) | DEBUG: Using locale en_US.UTF-8
2023/09/01 (23:46:33) | INFO: Running on /dev/pts/2
